<?xml version="1.0" encoding="UTF-8"?>
<coverage generated="1750752355200" clover="3.2.0">
  <project timestamp="1750752355200" name="All files">
    <metrics statements="38" coveredstatements="31" conditionals="11" coveredconditionals="10" methods="6" coveredmethods="2" elements="55" coveredelements="43" complexity="0" loc="38" ncloc="38" packages="3" files="3" classes="3"/>
    <package name="library-api">
      <metrics statements="17" coveredstatements="12" conditionals="4" coveredconditionals="3" methods="4" coveredmethods="0"/>
      <file name="server.js" path="C:\Users\KIIT\keploy_api\library-api\server.js">
        <metrics statements="17" coveredstatements="12" conditionals="4" coveredconditionals="3" methods="4" coveredmethods="0"/>
        <line num="1" count="2" type="stmt"/>
        <line num="2" count="2" type="stmt"/>
        <line num="3" count="2" type="stmt"/>
        <line num="4" count="2" type="stmt"/>
        <line num="6" count="2" type="stmt"/>
        <line num="7" count="2" type="cond" truecount="2" falsecount="0"/>
        <line num="10" count="2" type="stmt"/>
        <line num="11" count="2" type="stmt"/>
        <line num="12" count="2" type="stmt"/>
        <line num="15" count="2" type="stmt"/>
        <line num="16" count="0" type="stmt"/>
        <line num="20" count="2" type="cond" truecount="1" falsecount="1"/>
        <line num="21" count="0" type="stmt"/>
        <line num="26" count="0" type="stmt"/>
        <line num="27" count="0" type="stmt"/>
        <line num="30" count="0" type="stmt"/>
        <line num="34" count="2" type="stmt"/>
      </file>
    </package>
    <package name="library-api.models">
      <metrics statements="3" coveredstatements="3" conditionals="0" coveredconditionals="0" methods="0" coveredmethods="0"/>
      <file name="Book.js" path="C:\Users\KIIT\keploy_api\library-api\models\Book.js">
        <metrics statements="3" coveredstatements="3" conditionals="0" coveredconditionals="0" methods="0" coveredmethods="0"/>
        <line num="1" count="3" type="stmt"/>
        <line num="3" count="3" type="stmt"/>
        <line num="11" count="3" type="stmt"/>
      </file>
    </package>
    <package name="library-api.routes">
      <metrics statements="18" coveredstatements="16" conditionals="7" coveredconditionals="7" methods="2" coveredmethods="2"/>
      <file name="books.js" path="C:\Users\KIIT\keploy_api\library-api\routes\books.js">
        <metrics statements="18" coveredstatements="16" conditionals="7" coveredconditionals="7" methods="2" coveredmethods="2"/>
        <line num="1" count="2" type="stmt"/>
        <line num="2" count="2" type="stmt"/>
        <line num="3" count="2" type="stmt"/>
        <line num="6" count="2" type="stmt"/>
        <line num="7" count="1" type="stmt"/>
        <line num="8" count="1" type="stmt"/>
        <line num="9" count="1" type="stmt"/>
        <line num="11" count="0" type="stmt"/>
        <line num="16" count="2" type="stmt"/>
        <line num="17" count="2" type="stmt"/>
        <line num="20" count="2" type="cond" truecount="7" falsecount="0"/>
        <line num="21" count="1" type="stmt"/>
        <line num="24" count="1" type="stmt"/>
        <line num="25" count="1" type="stmt"/>
        <line num="26" count="1" type="stmt"/>
        <line num="27" count="1" type="stmt"/>
        <line num="29" count="0" type="stmt"/>
        <line num="33" count="2" type="stmt"/>
      </file>
    </package>
  </project>
</coverage>
