TN:
SF:server.js
FN:15,(anonymous_0)
FN:25,(anonymous_1)
FN:27,(anonymous_2)
FN:29,(anonymous_3)
FNF:4
FNH:0
FNDA:0,(anonymous_0)
FNDA:0,(anonymous_1)
FNDA:0,(anonymous_2)
FNDA:0,(anonymous_3)
DA:1,2
DA:2,2
DA:3,2
DA:4,2
DA:6,2
DA:7,2
DA:10,2
DA:11,2
DA:12,2
DA:15,2
DA:16,0
DA:20,2
DA:21,0
DA:26,0
DA:27,0
DA:30,0
DA:34,2
LF:17
LH:12
BRDA:7,0,0,2
BRDA:7,0,1,2
BRDA:20,1,0,0
BRDA:20,1,1,2
BRF:4
BRH:3
end_of_record
TN:
SF:models\Book.js
FNF:0
FNH:0
DA:1,3
DA:3,3
DA:11,3
LF:3
LH:3
BRF:0
BRH:0
end_of_record
TN:
SF:routes\books.js
FN:6,(anonymous_0)
FN:16,(anonymous_1)
FNF:2
FNH:2
FNDA:1,(anonymous_0)
FNDA:2,(anonymous_1)
DA:1,2
DA:2,2
DA:3,2
DA:6,2
DA:7,1
DA:8,1
DA:9,1
DA:11,0
DA:16,2
DA:17,2
DA:20,2
DA:21,1
DA:24,1
DA:25,1
DA:26,1
DA:27,1
DA:29,0
DA:33,2
LF:18
LH:16
BRDA:20,0,0,1
BRDA:20,0,1,1
BRDA:20,1,0,2
BRDA:20,1,1,2
BRDA:20,1,2,1
BRDA:20,1,3,1
BRDA:20,1,4,1
BRF:7
BRH:7
end_of_record
